<?xml version="1.0" encoding="UTF-8"?>
<robot generator="Robot 3.1.2 (Python 3.8.1 on win32)" generated="20200304 17:23:29.539" rpa="false">
<suite id="s1" name="TestErik01" source="C:\RED_0.9.3\workspace\TestErik01">
<suite id="s1-s1" name="Test" source="C:\RED_0.9.3\workspace\TestErik01\test">
<suite id="s1-s1-s1" name="TestSuite1" source="C:\RED_0.9.3\workspace\TestErik01\test\TestSuite1.robot">
<kw name="Log" library="BuiltIn" type="setup">
<doc>Logs the given message with the given level.</doc>
<arguments>
<arg>I am inside Test Suite Setup</arg>
</arguments>
<msg timestamp="20200304 17:23:30.029" level="INFO">I am inside Test Suite Setup</msg>
<status status="PASS" starttime="20200304 17:23:30.028" endtime="20200304 17:23:30.029"></status>
</kw>
<test id="s1-s1-s1-t1" name="MyFirstTest">
<kw name="Log" library="BuiltIn" type="setup">
<doc>Logs the given message with the given level.</doc>
<arguments>
<arg>I am inside Test Setup</arg>
</arguments>
<msg timestamp="20200304 17:23:30.030" level="INFO">I am inside Test Setup</msg>
<status status="PASS" starttime="20200304 17:23:30.030" endtime="20200304 17:23:30.030"></status>
</kw>
<kw name="Log" library="BuiltIn">
<doc>Logs the given message with the given level.</doc>
<arguments>
<arg>Hello World...</arg>
</arguments>
<msg timestamp="20200304 17:23:30.031" level="INFO">Hello World...</msg>
<status status="PASS" starttime="20200304 17:23:30.031" endtime="20200304 17:23:30.032"></status>
</kw>
<kw name="Log" library="BuiltIn" type="teardown">
<doc>Logs the given message with the given level.</doc>
<arguments>
<arg>I am inside Test Teardown</arg>
</arguments>
<msg timestamp="20200304 17:23:30.032" level="INFO">I am inside Test Teardown</msg>
<status status="PASS" starttime="20200304 17:23:30.032" endtime="20200304 17:23:30.032"></status>
</kw>
<tags>
<tag>Smoke</tag>
</tags>
<status status="PASS" starttime="20200304 17:23:30.029" endtime="20200304 17:23:30.033" critical="yes"></status>
</test>
<test id="s1-s1-s1-t2" name="MySecondTest">
<kw name="Log" library="BuiltIn" type="setup">
<doc>Logs the given message with the given level.</doc>
<arguments>
<arg>I am inside Test Setup</arg>
</arguments>
<msg timestamp="20200304 17:23:30.034" level="INFO">I am inside Test Setup</msg>
<status status="PASS" starttime="20200304 17:23:30.034" endtime="20200304 17:23:30.034"></status>
</kw>
<kw name="Log" library="BuiltIn">
<doc>Logs the given message with the given level.</doc>
<arguments>
<arg>I am inside 2nd test</arg>
</arguments>
<msg timestamp="20200304 17:23:30.035" level="INFO">I am inside 2nd test</msg>
<status status="PASS" starttime="20200304 17:23:30.034" endtime="20200304 17:23:30.035"></status>
</kw>
<kw name="Log" library="BuiltIn" type="teardown">
<doc>Logs the given message with the given level.</doc>
<arguments>
<arg>I am inside Test Teardown</arg>
</arguments>
<msg timestamp="20200304 17:23:30.036" level="INFO">I am inside Test Teardown</msg>
<status status="PASS" starttime="20200304 17:23:30.035" endtime="20200304 17:23:30.036"></status>
</kw>
<tags>
<tag>sanity</tag>
</tags>
<status status="PASS" starttime="20200304 17:23:30.033" endtime="20200304 17:23:30.036" critical="yes"></status>
</test>
<test id="s1-s1-s1-t3" name="MyThirdTest">
<kw name="Log" library="BuiltIn" type="setup">
<doc>Logs the given message with the given level.</doc>
<arguments>
<arg>I am inside Test Setup</arg>
</arguments>
<msg timestamp="20200304 17:23:30.037" level="INFO">I am inside Test Setup</msg>
<status status="PASS" starttime="20200304 17:23:30.037" endtime="20200304 17:23:30.037"></status>
</kw>
<kw name="Log" library="BuiltIn">
<doc>Logs the given message with the given level.</doc>
<arguments>
<arg>I am inside 3rd test</arg>
</arguments>
<msg timestamp="20200304 17:23:30.038" level="INFO">I am inside 3rd test</msg>
<status status="PASS" starttime="20200304 17:23:30.037" endtime="20200304 17:23:30.038"></status>
</kw>
<kw name="Log" library="BuiltIn" type="teardown">
<doc>Logs the given message with the given level.</doc>
<arguments>
<arg>I am inside Test Teardown</arg>
</arguments>
<msg timestamp="20200304 17:23:30.039" level="INFO">I am inside Test Teardown</msg>
<status status="PASS" starttime="20200304 17:23:30.039" endtime="20200304 17:23:30.039"></status>
</kw>
<tags>
<tag>sanity</tag>
</tags>
<status status="PASS" starttime="20200304 17:23:30.036" endtime="20200304 17:23:30.040" critical="yes"></status>
</test>
<kw name="Log" library="BuiltIn" type="teardown">
<doc>Logs the given message with the given level.</doc>
<arguments>
<arg>I am inside Test Suite Teardown</arg>
</arguments>
<msg timestamp="20200304 17:23:30.042" level="INFO">I am inside Test Suite Teardown</msg>
<status status="PASS" starttime="20200304 17:23:30.041" endtime="20200304 17:23:30.042"></status>
</kw>
<status status="PASS" starttime="20200304 17:23:29.622" endtime="20200304 17:23:30.042"></status>
</suite>
<status status="PASS" starttime="20200304 17:23:29.619" endtime="20200304 17:23:30.044"></status>
</suite>
<status status="PASS" starttime="20200304 17:23:29.594" endtime="20200304 17:23:30.046"></status>
</suite>
<statistics>
<total>
<stat pass="3" fail="0">Critical Tests</stat>
<stat pass="3" fail="0">All Tests</stat>
</total>
<tag>
<stat pass="2" fail="0">sanity</stat>
<stat pass="1" fail="0">Smoke</stat>
</tag>
<suite>
<stat pass="3" fail="0" id="s1" name="TestErik01">TestErik01</stat>
<stat pass="3" fail="0" id="s1-s1" name="Test">TestErik01.Test</stat>
<stat pass="3" fail="0" id="s1-s1-s1" name="TestSuite1">TestErik01.Test.TestSuite1</stat>
</suite>
</statistics>
<errors>
</errors>
</robot>
